<?xml version="1.0" encoding="UTF-8"?>
<!-- Generated by org.testng.reporters.JUnitXMLReporter -->
<testsuite ignored="0" hostname="DESKTOP-HRQNDCP" failures="0" tests="4" name="Default test" time="87.85" errors="0" timestamp="2023-12-26T15:17:02 PST">
  <testcase classname="com.TestNG.OHRM_login" name="login" time="18.236"/>
  <testcase classname="com.TestNG.OHRM_Pim" name="Pim" time="0.697"/>
  <testcase classname="com.TestNG.OHRM_Pim" name="AddEmployee" time="5.993"/>
  <testcase classname="com.TestNG.AutoIT" name="AddEmployeedata" time="30.482"/>
</testsuite> <!-- Default test -->
